<?xml version="1.0" encoding="UTF-8"?>
<!-- Generated by org.testng.reporters.JUnitXMLReporter -->
<testsuite hostname="DESKTOP-OSM92AT" ignored="2" name="Test1" tests="1" failures="0" timestamp="2022-11-08T13:25:55 IST" time="15.808" errors="0">
  <testcase name="TestGoogle" time="6.509" classname="ScreenShootOnlyForfailedTC.TestClass"/>
  <testcase name="Facebook" time="0.0" classname="ScreenShootOnlyForfailedTC.TestClass">
    <ignored/>
  </testcase> <!-- Facebook -->
  <testcase name="TestOrangeHRM" time="0.0" classname="ScreenShootOnlyForfailedTC.TestClass">
    <ignored/>
  </testcase> <!-- TestOrangeHRM -->
</testsuite> <!-- Test1 -->
